<?xml version="1.0" encoding="UTF-8"?>
<coverage generated="1641260746940" clover="3.2.0">
  <project timestamp="1641260746941" name="All files">
    <metrics statements="11" coveredstatements="9" conditionals="8" coveredconditionals="6" methods="1" coveredmethods="1" elements="20" coveredelements="16" complexity="0" loc="11" ncloc="11" packages="1" files="1" classes="1"/>
    <file name="factorialize.js" path="C:\Users\arief\Documents\My Project\Javascript-DefinitiveGuide\errorandtestingcookbook\jest-test\factorialize.js">
      <metrics statements="11" coveredstatements="9" conditionals="8" coveredconditionals="6" methods="1" coveredmethods="1"/>
      <line num="3" count="2" type="cond" truecount="1" falsecount="1"/>
      <line num="4" count="0" type="stmt"/>
      <line num="7" count="2" type="cond" truecount="1" falsecount="1"/>
      <line num="8" count="0" type="stmt"/>
      <line num="12" count="2" type="cond" truecount="4" falsecount="0"/>
      <line num="13" count="1" type="stmt"/>
      <line num="15" count="1" type="stmt"/>
      <line num="16" count="1" type="stmt"/>
      <line num="17" count="9" type="stmt"/>
      <line num="18" count="9" type="stmt"/>
      <line num="20" count="1" type="stmt"/>
    </file>
  </project>
</coverage>
