{"C:\\Users\\arief\\Documents\\My Project\\Javascript-DefinitiveGuide\\errorandtestingcookbook\\jest-test\\factorialize.js": {"path":"C:\\Users\\arief\\Documents\\My Project\\Javascript-DefinitiveGuide\\errorandtestingcookbook\\jest-test\\factorialize.js","statementMap":{"0":{"start":{"line":3,"column":1},"end":{"line":22,"column":2}},"1":{"start":{"line":4,"column":2},"end":{"line":6,"column":4}},"2":{"start":{"line":7,"column":8},"end":{"line":22,"column":2}},"3":{"start":{"line":8,"column":2},"end":{"line":10,"column":4}},"4":{"start":{"line":12,"column":2},"end":{"line":21,"column":3}},"5":{"start":{"line":13,"column":3},"end":{"line":13,"column":12}},"6":{"start":{"line":15,"column":16},"end":{"line":15,"column":22}},"7":{"start":{"line":16,"column":3},"end":{"line":19,"column":4}},"8":{"start":{"line":17,"column":4},"end":{"line":17,"column":13}},"9":{"start":{"line":18,"column":4},"end":{"line":18,"column":21}},"10":{"start":{"line":20,"column":3},"end":{"line":20,"column":17}}},"fnMap":{"0":{"name":"factorialize","decl":{"start":{"line":2,"column":9},"end":{"line":2,"column":21}},"loc":{"start":{"line":2,"column":30},"end":{"line":23,"column":1}},"line":2}},"branchMap":{"0":{"loc":{"start":{"line":3,"column":1},"end":{"line":22,"column":2}},"type":"if","locations":[{"start":{"line":3,"column":1},"end":{"line":22,"column":2}},{"start":{"line":7,"column":8},"end":{"line":22,"column":2}}],"line":3},"1":{"loc":{"start":{"line":7,"column":8},"end":{"line":22,"column":2}},"type":"if","locations":[{"start":{"line":7,"column":8},"end":{"line":22,"column":2}},{"start":{"line":11,"column":8},"end":{"line":22,"column":2}}],"line":7},"2":{"loc":{"start":{"line":12,"column":2},"end":{"line":21,"column":3}},"type":"if","locations":[{"start":{"line":12,"column":2},"end":{"line":21,"column":3}},{"start":{"line":14,"column":9},"end":{"line":21,"column":3}}],"line":12},"3":{"loc":{"start":{"line":12,"column":6},"end":{"line":12,"column":32}},"type":"binary-expr","locations":[{"start":{"line":12,"column":6},"end":{"line":12,"column":17}},{"start":{"line":12,"column":21},"end":{"line":12,"column":32}}],"line":12}},"s":{"0":2,"1":0,"2":2,"3":0,"4":2,"5":1,"6":1,"7":1,"8":9,"9":9,"10":1},"f":{"0":2},"b":{"0":[0,2],"1":[0,2],"2":[1,1],"3":[2,1]},"_coverageSchema":"1a1c01bbd47fc00a2c39e90264f33305004495a9","hash":"5aadfff05f353d6a733b266a51a5b2043b5a8915"}
}
